2021-05-15 18:52:04.086  INFO 15008 --- [main] lavalink.server.Launcher                 : 

[32m       .  [31m _                  _ _       _    [32m__ _ _
[32m      /\\ [31m| | __ ___   ____ _| (_)_ __ | | __[32m\ \ \ \
[32m     ( ( )[31m| |/ _` \ \ / / _` | | | '_ \| |/ /[32m \ \ \ \
[32m      \\/ [31m| | (_| |\ V / (_| | | | | | |   < [32m  ) ) ) )
[32m       '  [31m|_|\__,_| \_/ \__,_|_|_|_| |_|_|\_\[32m / / / /
[0m    =========================================[32m/_/_/_/[0m

	Version:        44fcfdf945fc6cd9ce6c96480d3b7dc098897a51-SNAPSHOT
	Build:          Unofficial
	Build time:     01.04.2021 09:53:06 UTC
	Branch          dev
	Commit:         44fcfdf
	Commit time:    01.04.2021 08:19:05 UTC
	JVM:            11.0.10
	Lavaplayer      1.3.74

2021-05-15 18:52:04.188  INFO 15008 --- [main] lavalink.server.Launcher                 : Starting Launcher on DESKTOP-JH8OPH4 with PID 15008 (C:\Users\titan\OneDrive\Desktop\lesson java\Lavalink.jar started by titan in C:\Users\titan\OneDrive\Desktop\lesson java)
2021-05-15 18:52:04.189  INFO 15008 --- [main] lavalink.server.Launcher                 : No active profile set, falling back to default profiles: default
2021-05-15 18:52:04.287  WARN 15008 --- [background-preinit] o.s.h.c.j.Jackson2ObjectMapperBuilder    : For Jackson Kotlin classes support please add "com.fasterxml.jackson.module:jackson-module-kotlin" to the classpath
2021-05-15 18:52:05.527  WARN 15008 --- [main] io.undertow.websockets.jsr               : UT026010: Buffer pool was not set on WebSocketDeploymentInfo, the default pool will be used
2021-05-15 18:52:05.560  INFO 15008 --- [main] io.undertow.servlet                      : Initializing Spring embedded WebApplicationContext
2021-05-15 18:52:05.560  INFO 15008 --- [main] o.s.web.context.ContextLoader            : Root WebApplicationContext: initialization completed in 1317 ms
2021-05-15 18:52:06.008  WARN 15008 --- [main] l.server.config.SentryConfiguration      : Turning off sentry
2021-05-15 18:52:06.403  INFO 15008 --- [main] c.s.d.l.tools.GarbageCollectionMonitor   : GC monitoring enabled, reporting results every 2 minutes.
2021-05-15 18:52:06.580  INFO 15008 --- [main] lavalink.server.config.KoeConfiguration  : OS: Windows 10, Arch: amd64
2021-05-15 18:52:06.581  WARN 15008 --- [main] lavalink.server.config.KoeConfiguration  : This system and architecture appears to not support native audio sending! GC pauses may cause your bot to stutter during playback.
2021-05-15 18:52:06.818  INFO 15008 --- [main] o.s.s.concurrent.ThreadPoolTaskExecutor  : Initializing ExecutorService 'applicationTaskExecutor'
2021-05-15 18:52:07.198  INFO 15008 --- [main] org.xnio                                 : XNIO version 3.3.8.Final
2021-05-15 18:52:07.221  INFO 15008 --- [main] org.xnio.nio                             : XNIO NIO Implementation Version 3.3.8.Final
2021-05-15 18:52:07.333  INFO 15008 --- [main] o.s.b.w.e.u.UndertowServletWebServer     : Undertow started on port(s) 2333 (http) with context path ''
2021-05-15 18:52:07.342  INFO 15008 --- [main] lavalink.server.Launcher                 : Started Launcher in 3.927 seconds (JVM running for 4.738)
2021-05-15 18:52:07.345  INFO 15008 --- [main] lavalink.server.Launcher                 : You can safely ignore the big red warning about illegal reflection. See https://github.com/Frederikam/Lavalink/issues/295
2021-05-15 18:52:09.268  INFO 15008 --- [XNIO-1 task-1] io.undertow.servlet                      : Initializing Spring DispatcherServlet 'dispatcherServlet'
2021-05-15 18:52:09.269  INFO 15008 --- [XNIO-1 task-1] o.s.web.servlet.DispatcherServlet        : Initializing Servlet 'dispatcherServlet'
2021-05-15 18:52:09.276  INFO 15008 --- [XNIO-1 task-1] o.s.web.servlet.DispatcherServlet        : Completed initialization in 6 ms
2021-05-15 18:52:09.311  INFO 15008 --- [XNIO-1 task-1] l.server.io.HandshakeInterceptorImpl     : Incoming connection from /127.0.0.1:57696
2021-05-15 18:52:09.382  INFO 15008 --- [XNIO-1 task-1] lavalink.server.io.SocketServer          : Connection successfully established from erela.js
2021-05-15 18:52:15.549  INFO 15008 --- [XNIO-1 task-2] l.server.player.AudioLoaderRestHandler   : Got request to load for identifier "ytsearch:ncs"
2021-05-15 18:52:16.963  INFO 15008 --- [lava-daemon-pool-info-loader-2-thread-1] lavalink.server.player.AudioLoader       : Loaded playlist Search results for: ncs
2021-05-15 18:52:17.010  INFO 15008 --- [XNIO-1 I/O-4] lavalink.server.io.SocketServer          : {"op":"volume","guildId":"710014877359407106","volume":50}
2021-05-15 18:52:17.016  INFO 15008 --- [XNIO-1 I/O-4] lavalink.server.io.SocketServer          : {"op":"volume","guildId":"710014877359407106","volume":100}
2021-05-15 18:52:17.021  INFO 15008 --- [XNIO-1 I/O-4] lavalink.server.io.SocketServer          : {"op":"play","guildId":"710014877359407106","track":"QAAApwIAQlRvcCAyMCBNb3N0IFBvcHVsYXIgU29uZ3MgYnkgTkNTIHwgQmVzdCBvZiBOQ1MgfCBNb3N0IFZpZXdlZCBTb25ncwALTXVzaWMgU3RvcmUAAAAAAEKimAALLU9iZHZNa0NLd3MAAQAraHR0cHM6Ly93d3cueW91dHViZS5jb20vd2F0Y2g/dj0tT2Jkdk1rQ0t3cwAHeW91dHViZQAAAAAAAAAA"}
2021-05-15 18:52:17.536  INFO 15008 --- [XNIO-1 I/O-4] lavalink.server.io.SocketServer          : {"sessionId":"7f24e659d681bd3a72355789780706f2","op":"voiceUpdate","guildId":"710014877359407106","event":{"token":"ff3e626ab558550b","guild_id":"710014877359407106","endpoint":"india9473.discord.media:443"}}
